2024-04-25T12:33:20+02:00 CRITICAL Uncaught Error: Call to a member function prepare() on null in C:\xampp\htdocs\wordpress\wp-content\plugins\insert-php-code-snippet\shortcode-handler.php(100) : eval()'d code:7
Stack trace:
#0 C:\xampp\htdocs\wordpress\wp-content\plugins\insert-php-code-snippet\shortcode-handler.php(100): eval()
#1 C:\xampp\htdocs\wordpress\wp-includes\shortcodes.php(433): xyz_ips_display_content(Array, '', 'xyz-ips')
#2 [internal function]: do_shortcode_tag(Array)
#3 C:\xampp\htdocs\wordpress\wp-includes\shortcodes.php(273): preg_replace_callback('/\\[(\\[?)(xyz\\-i...', 'do_shortcode_ta...', '[xyz-ips snippe...')
#4 C:\xampp\htdocs\wordpress\wp-content\plugins\insert-php-code-snippet\xyz-functions.php(95): do_shortcode('[xyz-ips snippe...')
#5 C:\xampp\htdocs\wordpress\wp-includes\class-wp-hook.php(324): xyz_ips_preview_page('')
#6 C:\xampp\htdocs\wordpress\wp-includes\plugin.php(205): WP_Hook->apply_filters('', Array)
#7 C:\xampp\htdocs\wordpress\wp-includes\blocks\post-content.php(48): apply_filters('the_content', '')
#8 C:\xampp\htdocs\wordpress\wp-includes\class-wp-block.php(463): render_block_core_post_content(Array, '', Object(WP_Block))
#9 C:\xampp\htdocs\wordpress\wp-includes\class-wp-block.php(443): WP_Block->render()
#10 C:\xampp\htdocs\wordpress\wp-includes\class-wp-block.php(443): WP_Block->render()
#11 C:\xampp\htdocs\wordpress\wp-includes\blocks.php(1705): WP_Block->render()
#12 C:\xampp\htdocs\wordpress\wp-includes\blocks.php(1743): render_block(Array)
#13 C:\xampp\htdocs\wordpress\wp-includes\block-template.php(260): do_blocks('<!-- wp:templat...')
#14 C:\xampp\htdocs\wordpress\wp-includes\template-canvas.php(12): get_the_block_template_html()
#15 C:\xampp\htdocs\wordpress\wp-includes\template-loader.php(106): include('C:\\xampp\\htdocs...')
#16 C:\xampp\htdocs\wordpress\wp-blog-header.php(19): require_once('C:\\xampp\\htdocs...')
#17 C:\xampp\htdocs\wordpress\index.php(17): require('C:\\xampp\\htdocs...')
#18 {main}
  thrown in C:\xampp\htdocs\wordpress\wp-content\plugins\insert-php-code-snippet\shortcode-handler.php(100) : eval()'d code on line 7

2024-04-25T12:43:21+02:00 CRITICAL Uncaught Error: Call to a member function prepare() on null in C:\xampp\htdocs\wordpress\wp-content\plugins\insert-php-code-snippet\shortcode-handler.php(100) : eval()'d code:8
Stack trace:
#0 C:\xampp\htdocs\wordpress\wp-content\plugins\insert-php-code-snippet\shortcode-handler.php(100): eval()
#1 C:\xampp\htdocs\wordpress\wp-includes\shortcodes.php(433): xyz_ips_display_content(Array, '', 'xyz-ips')
#2 [internal function]: do_shortcode_tag(Array)
#3 C:\xampp\htdocs\wordpress\wp-includes\shortcodes.php(273): preg_replace_callback('/\\[(\\[?)(xyz\\-i...', 'do_shortcode_ta...', '[xyz-ips snippe...')
#4 C:\xampp\htdocs\wordpress\wp-content\plugins\insert-php-code-snippet\xyz-functions.php(95): do_shortcode('[xyz-ips snippe...')
#5 C:\xampp\htdocs\wordpress\wp-includes\class-wp-hook.php(324): xyz_ips_preview_page('')
#6 C:\xampp\htdocs\wordpress\wp-includes\plugin.php(205): WP_Hook->apply_filters('', Array)
#7 C:\xampp\htdocs\wordpress\wp-includes\blocks\post-content.php(48): apply_filters('the_content', '')
#8 C:\xampp\htdocs\wordpress\wp-includes\class-wp-block.php(463): render_block_core_post_content(Array, '', Object(WP_Block))
#9 C:\xampp\htdocs\wordpress\wp-includes\class-wp-block.php(443): WP_Block->render()
#10 C:\xampp\htdocs\wordpress\wp-includes\class-wp-block.php(443): WP_Block->render()
#11 C:\xampp\htdocs\wordpress\wp-includes\blocks.php(1705): WP_Block->render()
#12 C:\xampp\htdocs\wordpress\wp-includes\blocks.php(1743): render_block(Array)
#13 C:\xampp\htdocs\wordpress\wp-includes\block-template.php(260): do_blocks('<!-- wp:templat...')
#14 C:\xampp\htdocs\wordpress\wp-includes\template-canvas.php(12): get_the_block_template_html()
#15 C:\xampp\htdocs\wordpress\wp-includes\template-loader.php(106): include('C:\\xampp\\htdocs...')
#16 C:\xampp\htdocs\wordpress\wp-blog-header.php(19): require_once('C:\\xampp\\htdocs...')
#17 C:\xampp\htdocs\wordpress\index.php(17): require('C:\\xampp\\htdocs...')
#18 {main}
  thrown in C:\xampp\htdocs\wordpress\wp-content\plugins\insert-php-code-snippet\shortcode-handler.php(100) : eval()'d code on line 8

2024-04-25T12:44:27+02:00 CRITICAL Uncaught Error: Call to a member function prepare() on null in C:\xampp\htdocs\wordpress\wp-content\plugins\insert-php-code-snippet\shortcode-handler.php(100) : eval()'d code:8
Stack trace:
#0 C:\xampp\htdocs\wordpress\wp-content\plugins\insert-php-code-snippet\shortcode-handler.php(100): eval()
#1 C:\xampp\htdocs\wordpress\wp-includes\shortcodes.php(433): xyz_ips_display_content(Array, '', 'xyz-ips')
#2 [internal function]: do_shortcode_tag(Array)
#3 C:\xampp\htdocs\wordpress\wp-includes\shortcodes.php(273): preg_replace_callback('/\\[(\\[?)(xyz\\-i...', 'do_shortcode_ta...', '[xyz-ips snippe...')
#4 C:\xampp\htdocs\wordpress\wp-content\plugins\insert-php-code-snippet\xyz-functions.php(95): do_shortcode('[xyz-ips snippe...')
#5 C:\xampp\htdocs\wordpress\wp-includes\class-wp-hook.php(324): xyz_ips_preview_page('')
#6 C:\xampp\htdocs\wordpress\wp-includes\plugin.php(205): WP_Hook->apply_filters('', Array)
#7 C:\xampp\htdocs\wordpress\wp-includes\blocks\post-content.php(48): apply_filters('the_content', '')
#8 C:\xampp\htdocs\wordpress\wp-includes\class-wp-block.php(463): render_block_core_post_content(Array, '', Object(WP_Block))
#9 C:\xampp\htdocs\wordpress\wp-includes\class-wp-block.php(443): WP_Block->render()
#10 C:\xampp\htdocs\wordpress\wp-includes\class-wp-block.php(443): WP_Block->render()
#11 C:\xampp\htdocs\wordpress\wp-includes\blocks.php(1705): WP_Block->render()
#12 C:\xampp\htdocs\wordpress\wp-includes\blocks.php(1743): render_block(Array)
#13 C:\xampp\htdocs\wordpress\wp-includes\block-template.php(260): do_blocks('<!-- wp:templat...')
#14 C:\xampp\htdocs\wordpress\wp-includes\template-canvas.php(12): get_the_block_template_html()
#15 C:\xampp\htdocs\wordpress\wp-includes\template-loader.php(106): include('C:\\xampp\\htdocs...')
#16 C:\xampp\htdocs\wordpress\wp-blog-header.php(19): require_once('C:\\xampp\\htdocs...')
#17 C:\xampp\htdocs\wordpress\index.php(17): require('C:\\xampp\\htdocs...')
#18 {main}
  thrown in C:\xampp\htdocs\wordpress\wp-content\plugins\insert-php-code-snippet\shortcode-handler.php(100) : eval()'d code on line 8

